#
# There is insufficient memory for the Java Runtime Environment to continue.
# Native memory allocation (mmap) failed to map 264241152 bytes. Error detail: G1 virtual space
# Possible reasons:
#   The system is out of physical RAM or swap space
#   This process is running with CompressedOops enabled, and the Java Heap may be blocking the growth of the native heap
# Possible solutions:
#   Reduce memory load on the system
#   Increase physical memory or swap space
#   Check if swap backing store is full
#   Decrease Java heap size (-Xmx/-Xms)
#   Decrease number of Java threads
#   Decrease Java thread stack sizes (-Xss)
#   Set larger code cache with -XX:ReservedCodeCacheSize=
#   JVM is running with Zero Based Compressed Oops mode in which the Java heap is
#     placed in the first 32GB address space. The Java Heap base address is the
#     maximum limit for the native heap growth. Please use -XX:HeapBaseMinAddress
#     to set the Java Heap base and to place the Java Heap above 32GB virtual address.
# This output file may be truncated or incomplete.
#
#  Out of Memory Error (os_windows.cpp:3926), pid=9000, tid=7732
#
# JRE version:  (21.0.10) (build )
# Java VM: OpenJDK 64-Bit Server VM (21.0.10+-14961533-b1163.108, mixed mode, sharing, tiered, compressed oops, compressed class ptrs, g1 gc, windows-amd64)
# No core dump will be written. Minidumps are not enabled by default on client versions of Windows
#

---------------  S U M M A R Y ------------

Command Line: -Dfile.encoding=UTF-8 org.jetbrains.kotlin.cli.jvm.K2JVMCompiler @G:\workspaceforcodex\TinyMD\node_modules\expo-modules-autolinking\android\expo-gradle-plugin\expo-autolinking-plugin-shared\build\20260509_13824477667098965923.compiler.options

Host: 12th Gen Intel(R) Core(TM) i5-12500H, 16 cores, 15G,  Windows 11 , 64 bit Build 26100 (10.0.26100.4768)
Time: Sat May  9 11:52:42 2026 elapsed time: 0.014377 seconds (0d 0h 0m 0s)

---------------  T H R E A D  ---------------

Current thread (0x000001aa83234800):  JavaThread "Unknown thread" [_thread_in_vm, id=7732, stack(0x000000922e500000,0x000000922e600000) (1024K)]

Stack: [0x000000922e500000,0x000000922e600000]
Native frames: (J=compiled Java code, j=interpreted, Vv=VM code, C=native code)
V  [jvm.dll+0x6d78a9]
V  [jvm.dll+0x8665b3]
V  [jvm.dll+0x868bde]
V  [jvm.dll+0x8692c3]
V  [jvm.dll+0x280ee6]
V  [jvm.dll+0x6d4165]
V  [jvm.dll+0x6c77fa]
V  [jvm.dll+0x358f4b]
V  [jvm.dll+0x360bc6]
V  [jvm.dll+0x3b2ea6]
V  [jvm.dll+0x3b3178]
V  [jvm.dll+0x32b65c]
V  [jvm.dll+0x32c34b]
V  [jvm.dll+0x82f449]
V  [jvm.dll+0x3c0078]
V  [jvm.dll+0x8185e8]
V  [jvm.dll+0x45449e]
V  [jvm.dll+0x455c01]
C  [jli.dll+0x52ab]
C  [ucrtbase.dll+0x37b0]
C  [KERNEL32.DLL+0x2e8d7]
C  [ntdll.dll+0x3c34c]


---------------  P R O C E S S  ---------------

Threads class SMR info:
_java_thread_list=0x00007ffc9416b9c8, length=0, elements={
}

Java Threads: ( => current thread )
Total: 0

Other Threads:
  0x000001aa855d63a0 WorkerThread "GC Thread#0"                     [id=16368, stack(0x000000922e600000,0x000000922e700000) (1024K)]
  0x000001aa85626010 ConcurrentGCThread "G1 Main Marker"            [id=22748, stack(0x000000922e700000,0x000000922e800000) (1024K)]
  0x000001aa856272c0 WorkerThread "G1 Conc#0"                       [id=1328, stack(0x000000922e800000,0x000000922e900000) (1024K)]

[error occurred during error reporting (printing all threads), id 0xc0000005, EXCEPTION_ACCESS_VIOLATION (0xc0000005) at pc=0x00007ffc9395e637]
VM state: not at safepoint (not fully initialized)

VM Mutex/Monitor currently owned by a thread:  ([mutex/lock_event])
[0x00007ffc941d87d0] Heap_lock - owner thread: 0x000001aa83234800

Heap address: 0x0000000704400000, size: 4028 MB, Compressed Oops mode: Zero based, Oop shift amount: 3

CDS archive(s) mapped at: [0x0000000000000000-0x0000000000000000-0x0000000000000000), size 0, SharedBaseAddress: 0x0000000800000000, ArchiveRelocationMode: 1.
Narrow klass base: 0x0000000000000000, Narrow klass shift: 0, Narrow klass range: 0x0

GC Precious Log:
 CardTable entry size: 512
 Card Set container configuration: InlinePtr #cards 4 size 8 Array Of Cards #cards 16 size 48 Howl #buckets 8 coarsen threshold 3686 Howl Bitmap #cards 512 size 80 coarsen threshold 460 Card regions per heap region 1 cards per card region 4096

Heap:
 garbage-first heap   total 0K, used 0K [0x0000000704400000, 0x0000000800000000)
  region size 2048K, 0 young (0K), 0 survivors (0K)
 Metaspace       used 0K, committed 0K, reserved 0K
  class space    used 0K, committed 0K, reserved 0K

Heap Regions: E=young(eden), S=young(survivor), O=old, HS=humongous(starts), HC=humongous(continues), CS=collection set, F=free, TAMS=top-at-mark-start, PB=parsable bottom

Card table byte_map: [0x000001aa98730000,0x000001aa98f10000] _byte_map_base: 0x000001aa94f0e000

Marking Bits: (CMBitMap*) 0x000001aa855d6ab0
 Bits: [0x000001aa98f10000, 0x000001aa9ce00000)

GC Heap History (0 events):
No events

Dll operation events (1 events):
Event: 0.008 Loaded shared library G:\Android\Android Studio\jbr\bin\java.dll

Deoptimization events (0 events):
No events

Classes loaded (0 events):
No events

Classes unloaded (0 events):
No events

Classes redefined (0 events):
No events

Internal exceptions (0 events):
No events

ZGC Phase Switch (0 events):
No events

VM Operations (0 events):
No events

Memory protections (0 events):
No events

Nmethod flushes (0 events):
No events

Events (0 events):
No events


Dynamic libraries:
0x00007ff600730000 - 0x00007ff60073a000 	G:\Android\Android Studio\jbr\bin\java.exe
0x00007ffcfae80000 - 0x00007ffcfb0e7000 	C:\WINDOWS\SYSTEM32\ntdll.dll
0x00007ffcf9d40000 - 0x00007ffcf9e09000 	C:\WINDOWS\System32\KERNEL32.DLL
0x00007ffcf7fe0000 - 0x00007ffcf83d0000 	C:\WINDOWS\System32\KERNELBASE.dll
0x00007ffcf86d0000 - 0x00007ffcf881b000 	C:\WINDOWS\System32\ucrtbase.dll
0x00007ffcba9e0000 - 0x00007ffcba9f8000 	G:\Android\Android Studio\jbr\bin\jli.dll
0x00007ffcbac50000 - 0x00007ffcbac6b000 	G:\Android\Android Studio\jbr\bin\VCRUNTIME140.dll
0x00007ffcf9e90000 - 0x00007ffcfa055000 	C:\WINDOWS\System32\USER32.dll
0x00007ffcf7fb0000 - 0x00007ffcf7fd7000 	C:\WINDOWS\System32\win32u.dll
0x00007ffcdcb50000 - 0x00007ffcdcdea000 	C:\WINDOWS\WinSxS\amd64_microsoft.windows.common-controls_6595b64144ccf1df_6.0.26100.4768_none_3e0c112ce331287c\COMCTL32.dll
0x00007ffcfae10000 - 0x00007ffcfae3b000 	C:\WINDOWS\System32\GDI32.dll
0x00007ffcfa4f0000 - 0x00007ffcfa599000 	C:\WINDOWS\System32\msvcrt.dll
0x00007ffcf8ad0000 - 0x00007ffcf8c08000 	C:\WINDOWS\System32\gdi32full.dll
0x00007ffcf84a0000 - 0x00007ffcf8543000 	C:\WINDOWS\System32\msvcp_win.dll
0x00007ffcfa4b0000 - 0x00007ffcfa4df000 	C:\WINDOWS\System32\IMM32.DLL
0x00007ffcd1a10000 - 0x00007ffcd1a1c000 	G:\Android\Android Studio\jbr\bin\vcruntime140_1.dll
0x00007ffcdee10000 - 0x00007ffcdee9d000 	G:\Android\Android Studio\jbr\bin\msvcp140.dll
0x00007ffc93620000 - 0x00007ffc942b6000 	G:\Android\Android Studio\jbr\bin\server\jvm.dll
0x00007ffcfa380000 - 0x00007ffcfa434000 	C:\WINDOWS\System32\ADVAPI32.dll
0x00007ffcfa5a0000 - 0x00007ffcfa646000 	C:\WINDOWS\System32\sechost.dll
0x00007ffcf93c0000 - 0x00007ffcf94d8000 	C:\WINDOWS\System32\RPCRT4.dll
0x00007ffcf9e10000 - 0x00007ffcf9e84000 	C:\WINDOWS\System32\WS2_32.dll
0x00007ffcf7dd0000 - 0x00007ffcf7e2e000 	C:\WINDOWS\SYSTEM32\POWRPROF.dll
0x00007ffcf0ae0000 - 0x00007ffcf0aeb000 	C:\WINDOWS\SYSTEM32\VERSION.dll
0x00007ffced5c0000 - 0x00007ffced5f5000 	C:\WINDOWS\SYSTEM32\WINMM.dll
0x00007ffcf7db0000 - 0x00007ffcf7dc4000 	C:\WINDOWS\SYSTEM32\UMPDC.dll
0x00007ffcf6cb0000 - 0x00007ffcf6ccb000 	C:\WINDOWS\SYSTEM32\kernel.appcore.dll
0x00007ffcd05c0000 - 0x00007ffcd05ca000 	G:\Android\Android Studio\jbr\bin\jimage.dll
0x00007ffcf5820000 - 0x00007ffcf5a61000 	C:\WINDOWS\SYSTEM32\DBGHELP.DLL
0x00007ffcf98a0000 - 0x00007ffcf9c25000 	C:\WINDOWS\System32\combase.dll
0x00007ffcfa260000 - 0x00007ffcfa340000 	C:\WINDOWS\System32\OLEAUT32.dll
0x00007ffcd8bf0000 - 0x00007ffcd8c33000 	C:\WINDOWS\SYSTEM32\dbgcore.DLL
0x00007ffcf89a0000 - 0x00007ffcf8a39000 	C:\WINDOWS\System32\bcryptPrimitives.dll
0x00007ffcbac30000 - 0x00007ffcbac50000 	G:\Android\Android Studio\jbr\bin\java.dll

JVMTI agents: none

dbghelp: loaded successfully - version: 4.0.5 - missing functions: none
symbol engine: initialized successfully - sym options: 0x614 - pdb path: .;G:\Android\Android Studio\jbr\bin;C:\WINDOWS\SYSTEM32;C:\WINDOWS\WinSxS\amd64_microsoft.windows.common-controls_6595b64144ccf1df_6.0.26100.4768_none_3e0c112ce331287c;G:\Android\Android Studio\jbr\bin\server

VM Arguments:
jvm_args: -Dfile.encoding=UTF-8 
java_command: org.jetbrains.kotlin.cli.jvm.K2JVMCompiler @G:\workspaceforcodex\TinyMD\node_modules\expo-modules-autolinking\android\expo-gradle-plugin\expo-autolinking-plugin-shared\build\20260509_13824477667098965923.compiler.options
java_class_path (initial): G:\AndroidGradle\caches\modules-2\files-2.1\org.jetbrains.kotlin\kotlin-compiler-embeddable\2.1.20\4ef56b3316798316bfac7a0ae443391c9e900ea1\kotlin-compiler-embeddable-2.1.20.jar;G:\AndroidGradle\caches\modules-2\files-2.1\org.jetbrains.kotlin\kotlin-stdlib\2.1.20\aa8ca79cd50578314f6d1180c47cbe14c0fee567\kotlin-stdlib-2.1.20.jar;G:\AndroidGradle\caches\modules-2\files-2.1\org.jetbrains.kotlin\kotlin-script-runtime\2.1.20\f7c623d7f7bdb01f5ccd6b437bc0a937fcd7c57e\kotlin-script-runtime-2.1.20.jar;G:\AndroidGradle\caches\modules-2\files-2.1\org.jetbrains.kotlin\kotlin-reflect\1.6.10\1cbe9c92c12a94eea200d23c2bbaedaf3daf5132\kotlin-reflect-1.6.10.jar;G:\AndroidGradle\caches\modules-2\files-2.1\org.jetbrains.kotlin\kotlin-daemon-embeddable\2.1.20\95670fce77befd02a70a0bc3abe8ee4533521334\kotlin-daemon-embeddable-2.1.20.jar;G:\AndroidGradle\caches\modules-2\files-2.1\org.jetbrains.intellij.deps\trove4j\1.0.20200330\3afb14d5f9ceb459d724e907a21145e8ff394f02\trove4j-1.0.20200330.jar;G:\AndroidGradle\caches\modules-2\files-2.1\org.jetbrains.kotlinx\kotlinx-coroutines-core-jvm\1.8.0\ac1dc37a30a93150b704022f8d895ee1bd3a36b3\kotlinx-coroutines-core-jvm-1.8.0.jar;G:\AndroidGradle\caches\modules-2\files-2.1\org.jetbrains\annotations\13.0\919f0dfe192fb4e063e7dacadee7f8bb9a2672a9\annotations-13.0.jar
Launcher Type: SUN_STANDARD

[Global flags]
     intx CICompilerCount                          = 12                                        {product} {ergonomic}
     uint ConcGCThreads                            = 3                                         {product} {ergonomic}
     uint G1ConcRefinementThreads                  = 13                                        {product} {ergonomic}
   size_t G1HeapRegionSize                         = 2097152                                   {product} {ergonomic}
    uintx GCDrainStackTargetSize                   = 64                                        {product} {ergonomic}
   size_t InitialHeapSize                          = 264241152                                 {product} {ergonomic}
   size_t MarkStackSize                            = 4194304                                   {product} {ergonomic}
   size_t MaxHeapSize                              = 4223664128                                {product} {ergonomic}
   size_t MinHeapDeltaBytes                        = 2097152                                   {product} {ergonomic}
   size_t MinHeapSize                              = 8388608                                   {product} {ergonomic}
    uintx NonNMethodCodeHeapSize                   = 7602480                                {pd product} {ergonomic}
    uintx NonProfiledCodeHeapSize                  = 122027880                              {pd product} {ergonomic}
    uintx ProfiledCodeHeapSize                     = 122027880                              {pd product} {ergonomic}
    uintx ReservedCodeCacheSize                    = 251658240                              {pd product} {ergonomic}
     bool SegmentedCodeCache                       = true                                      {product} {ergonomic}
   size_t SoftMaxHeapSize                          = 4223664128                             {manageable} {ergonomic}
     bool UseCompressedOops                        = true                           {product lp64_product} {ergonomic}
     bool UseG1GC                                  = true                                      {product} {ergonomic}
     bool UseLargePagesIndividualAllocation        = false                                  {pd product} {ergonomic}

Logging:
Log output configuration:
 #0: stdout all=warning uptime,level,tags foldmultilines=false
 #1: stderr all=off uptime,level,tags foldmultilines=false

Release file:
<release file has not been read>
Environment Variables:
JAVA_HOME=D:\Program Files\Java\jdk-22
JAVA_TOOL_OPTIONS=-Dfile.encoding=UTF-8
PATH=;g:\graphicsmagick-1.3.46-q16;C:\Program Files\Common Files\Oracle\Java\javapath;D:\big\python\Scripts\;D:\big\python\;D:\big\Java\bin;D:\big\VM\bin\;C:\WINDOWS\system32;C:\WINDOWS;C:\WINDOWS\System32\Wbem;C:\WINDOWS\System32\WindowsPowerShell\v1.0\;C:\WINDOWS\System32\OpenSSH\;D:\big\Bandizip;C:\Program Files\dotnet\;D:\big\Anaconda3;D:\big\Anaconda3\Scripts;D:\big\Anaconda3\Library\bin;D:\big\Anaconda3\Library\mingw-w64\bin;D:\big\Anaconda3\Library\usr\bin;C:\Program Files (x86)\Windows Kits\10\Windows Performance Toolkit\;D:\big\opencv\opencv\build\include;D:\big\opencv\opencv\build\x64\vc16\bin;D:\big\Git\cmd;D:\big\mingw64\bin;D:\big\Anaconda3\condabin;D:\big\MATLAB\matlab\runtime\win64;D:\big\MATLAB\matlab\bin;D:\big\MySQL\MySQL Server 8.0\bin;D:\Program Files\Java\jdk-22\bin;D:\Program Files\Apache Software Foundation\Tomcat 9.0;%CATALINA_HOME%\bin;C:\Program Files\Microsoft SQL Server\150\Tools\Binn\;C:\Program Files\Microsoft SQL Server\Client SDK\ODBC\170\Tools\Binn\;D:\big\ffmpeg-master-latest-win64-gpl-shared\bin;G:\Tomcat9\bin;G:\Program Files\nodejs\;G:\gs\gs10.06.0\bin;G:\cursor\resources\app\bin;D:\big\MySQL\MySQL Shell 8.0\bin\;C:\Users\ORANGE\AppData\Local\Microsoft\WindowsApps;D:\big\IntelliJ IDEA Community Edition 2024.2.1\bin;;C:\Users\ORANGE\.dotnet\tools;D:\big\IntelliJ IDEA 2025.1.2\bin;;C:\Users\ORANGE\AppData\Roaming\npm
USERNAME=ORANGE
OS=Windows_NT
PROCESSOR_IDENTIFIER=Intel64 Family 6 Model 154 Stepping 3, GenuineIntel
TMP=C:\Users\ORANGE\AppData\Local\Temp
TEMP=C:\Users\ORANGE\AppData\Local\Temp




Periodic native trim disabled

JNI global refs:
JNI global refs: 0, weak refs: 0

JNI global refs memory usage: 0, weak refs: 0

Process memory usage:
Resident Set Size: 14528K (0% of 16496120K total physical memory with 4885904K free physical memory)

OOME stack traces (most recent first):
Classloader memory used:

---------------  S Y S T E M  ---------------

OS:
 Windows 11 , 64 bit Build 26100 (10.0.26100.4768)
OS uptime: 5 days 17:33 hours
Hyper-V role detected

CPU: total 16 (initial active 16) (8 cores per cpu, 2 threads per core) family 6 model 154 stepping 3 microcode 0x42f, cx8, cmov, fxsr, ht, mmx, 3dnowpref, sse, sse2, sse3, ssse3, sse4.1, sse4.2, popcnt, lzcnt, tsc, tscinvbit, avx, avx2, aes, erms, clmul, bmi1, bmi2, adx, sha, fma, vzeroupper, clflush, clflushopt, clwb, hv, serialize, rdtscp, rdpid, fsrm, f16c, cet_ibt, cet_ss
Processor Information for processor 0
  Max Mhz: 2500, Current Mhz: 2500, Mhz Limit: 2500
Processor Information for processor 1
  Max Mhz: 2500, Current Mhz: 2500, Mhz Limit: 2500
Processor Information for processor 2
  Max Mhz: 2500, Current Mhz: 2500, Mhz Limit: 2500
Processor Information for processor 3
  Max Mhz: 2500, Current Mhz: 2500, Mhz Limit: 2500
Processor Information for processor 4
  Max Mhz: 2500, Current Mhz: 2500, Mhz Limit: 2500
Processor Information for processor 5
  Max Mhz: 2500, Current Mhz: 2500, Mhz Limit: 2500
Processor Information for processor 6
  Max Mhz: 2500, Current Mhz: 2500, Mhz Limit: 2500
Processor Information for processor 7
  Max Mhz: 2500, Current Mhz: 2500, Mhz Limit: 2500
Processor Information for processor 8
  Max Mhz: 2500, Current Mhz: 1800, Mhz Limit: 1800
Processor Information for processor 9
  Max Mhz: 2500, Current Mhz: 1800, Mhz Limit: 1800
Processor Information for processor 10
  Max Mhz: 2500, Current Mhz: 1800, Mhz Limit: 1800
Processor Information for processor 11
  Max Mhz: 2500, Current Mhz: 1800, Mhz Limit: 1800
Processor Information for processor 12
  Max Mhz: 2500, Current Mhz: 1800, Mhz Limit: 1800
Processor Information for processor 13
  Max Mhz: 2500, Current Mhz: 1500, Mhz Limit: 1800
Processor Information for processor 14
  Max Mhz: 2500, Current Mhz: 1500, Mhz Limit: 1800
Processor Information for processor 15
  Max Mhz: 2500, Current Mhz: 1800, Mhz Limit: 1800

Memory: 4k page, system-wide physical 16109M (4771M free)
TotalPageFile size 20835M (AvailPageFile size 5M)
current process WorkingSet (physical memory assigned to process): 14M, peak: 14M
current process commit charge ("private bytes"): 71M, peak: 323M

vm_info: OpenJDK 64-Bit Server VM (21.0.10+-14961533-b1163.108) for windows-amd64 JRE (21.0.10+-14961533-b1163.108), built on 2026-03-02T19:58:50Z by "builder" with MS VC++ 16.10 / 16.11 (VS2019)

END.
